[1539461888048329] [conn established] 127.0.0.1@43102

[1539461926037161] [conn established] 127.0.0.1@43130

[1539462118564403] [conn established] 127.0.0.1@43168

[1539462118565666] [forwarding message] msg id [55010,1] to peer 55000

[1539462118566456] [forwarding message] msg id [55010,1] to peer 55002

[1539462118567238] [forwarding message] msg id [55010,1] to peer 55001

[1539462118567946] [peer disconnected] closed connection

[1539462118569154] [conn established] 127.0.0.1@43178

[1539462118569433] [message already seen] rerouting message back to sender

[1539462118569694] [peer disconnected] closed connection

[1539462393070756] [conn established] 127.0.0.1@43272

[1539462393071474] [peer disconnected] closed connection

[1539462393072833] [conn established] 127.0.0.1@43276

[1539462393073168] [message already seen] rerouting message back to sender

[1539462393073451] [peer disconnected] closed connection

[1539462393074888] [conn established] 127.0.0.1@43280

[1539462393075158] [message already seen] rerouting message back to sender

[1539462393075378] [peer disconnected] closed connection

[1539462571387195] [node disconnected] closing connection for id '55014' and cleaning up index

[1539462572866958] [node disconnected] closing connection for id '55015' and cleaning up index

